android/app/build/intermediates/manifest_merge_blame_file/debug/processDebugMainManifest/manifest-merger-blame-debug-report.txt
1<?xml version="1.0" encoding="utf-8"?>
2<manifest xmlns:android="http://schemas.android.com/apk/res/android"
3    package="com.example.sigtrek2"
4    android:versionCode="1"
5    android:versionName="1.0" >
6
7    <uses-sdk
8        android:minSdkVersion="24"
9        android:targetSdkVersion="35" />
10    <!--
11         The INTERNET permission is required for development. Specifically,
12         the Flutter tool needs it to communicate with the running application
13         to allow setting breakpoints, to provide hot reload, etc.
14    -->
15    <uses-permission android:name="android.permission.INTERNET" />
15-->src\main\AndroidManifest.xml:7:5-67
15-->src\main\AndroidManifest.xml:7:22-64
16    <!-- Wake lock for SOS reliability -->
17    <uses-permission android:name="android.permission.WAKE_LOCK" /> <!-- BLE permissions (Android 12+) -->
17-->src\main\AndroidManifest.xml:10:5-68
17-->src\main\AndroidManifest.xml:10:22-65
18    <uses-permission
18-->src\main\AndroidManifest.xml:13:5-15:58
19        android:name="android.permission.BLUETOOTH_SCAN"
19-->src\main\AndroidManifest.xml:14:9-57
20        android:usesPermissionFlags="neverForLocation" />
20-->src\main\AndroidManifest.xml:15:9-55
21    <uses-permission android:name="android.permission.BLUETOOTH_CONNECT" /> <!-- Location required for BLE scan -->
21-->src\main\AndroidManifest.xml:17:5-76
21-->src\main\AndroidManifest.xml:17:22-73
22    <uses-permission android:name="android.permission.ACCESS_FINE_LOCATION" /> <!-- Legacy BLE permissions (safe to keep) -->
22-->src\main\AndroidManifest.xml:20:5-79
22-->src\main\AndroidManifest.xml:20:22-76
23    <uses-permission android:name="android.permission.BLUETOOTH" />
23-->src\main\AndroidManifest.xml:23:5-68
23-->src\main\AndroidManifest.xml:23:22-65
24    <uses-permission android:name="android.permission.BLUETOOTH_ADMIN" />
24-->src\main\AndroidManifest.xml:24:5-74
24-->src\main\AndroidManifest.xml:24:22-71
25    <uses-permission android:name="android.permission.FOREGROUND_SERVICE" /> <!-- ================= PACKAGE VISIBILITY ================= -->
25-->src\main\AndroidManifest.xml:25:5-77
25-->src\main\AndroidManifest.xml:25:22-74
26    <queries>
26-->src\main\AndroidManifest.xml:74:5-85:15
27
28        <!-- Required by Flutter text processing -->
29        <intent>
29-->src\main\AndroidManifest.xml:77:9-80:18
30            <action android:name="android.intent.action.PROCESS_TEXT" />
30-->src\main\AndroidManifest.xml:78:13-73
30-->src\main\AndroidManifest.xml:78:21-70
31
32            <data android:mimeType="text/plain" />
32-->src\main\AndroidManifest.xml:79:13-51
32-->src\main\AndroidManifest.xml:79:19-48
33        </intent>
34
35        <!-- Google Sign-In -->
36        <package android:name="com.google.android.gms" />
36-->src\main\AndroidManifest.xml:83:9-58
36-->src\main\AndroidManifest.xml:83:18-55
37    </queries>
38
39    <uses-permission android:name="android.permission.RECEIVE_BOOT_COMPLETED" />
39-->[:flutter_foreground_task] AndroidManifest.xml:9:5-81
39-->[:flutter_foreground_task] AndroidManifest.xml:9:22-78
40    <uses-permission android:name="android.permission.POST_NOTIFICATIONS" />
40-->[:flutter_foreground_task] AndroidManifest.xml:10:5-77
40-->[:flutter_foreground_task] AndroidManifest.xml:10:22-74
41    <uses-permission android:name="android.permission.VIBRATE" />
41-->[:vibration] AndroidManifest.xml:7:5-66
41-->[:vibration] AndroidManifest.xml:7:22-63
42    <uses-permission android:name="android.permission.ACCESS_NETWORK_STATE" />
42-->[com.google.firebase:firebase-auth:24.0.1] AndroidManifest.xml:26:5-79
42-->[com.google.firebase:firebase-auth:24.0.1] AndroidManifest.xml:26:22-76
43    <uses-permission android:name="com.google.android.providers.gsf.permission.READ_GSERVICES" />
43-->[com.google.android.recaptcha:recaptcha:18.6.1] AndroidManifest.xml:9:5-98
43-->[com.google.android.recaptcha:recaptcha:18.6.1] AndroidManifest.xml:9:22-95
44
45    <permission
45-->[androidx.core:core:1.16.0] AndroidManifest.xml:22:5-24:47
46        android:name="com.example.sigtrek2.DYNAMIC_RECEIVER_NOT_EXPORTED_PERMISSION"
46-->[androidx.core:core:1.16.0] AndroidManifest.xml:23:9-81
47        android:protectionLevel="signature" />
47-->[androidx.core:core:1.16.0] AndroidManifest.xml:24:9-44
48
49    <uses-permission android:name="com.example.sigtrek2.DYNAMIC_RECEIVER_NOT_EXPORTED_PERMISSION" /> <!-- ================= APP ================= -->
49-->[androidx.core:core:1.16.0] AndroidManifest.xml:26:5-97
49-->[androidx.core:core:1.16.0] AndroidManifest.xml:26:22-94
50    <application
51        android:name="android.app.Application"
52        android:appComponentFactory="androidx.core.app.CoreComponentFactory"
52-->[androidx.core:core:1.16.0] AndroidManifest.xml:28:18-86
53        android:debuggable="true"
54        android:extractNativeLibs="false"
55        android:icon="@mipmap/ic_launcher"
56        android:label="sigtrek2" >
57        <service
58            android:name="com.pravera.flutter_foreground_task.service.ForegroundService"
59            android:exported="false"
60            android:foregroundServiceType="dataSync" />
61
62        <activity
63            android:name="com.example.sigtrek2.MainActivity"
64            android:configChanges="orientation|keyboardHidden|keyboard|screenSize|smallestScreenSize|locale|layoutDirection|fontScale|screenLayout|density|uiMode"
65            android:exported="true"
66            android:hardwareAccelerated="true"
67            android:launchMode="singleTop"
68            android:taskAffinity=""
69            android:theme="@style/LaunchTheme"
70            android:windowSoftInputMode="adjustResize" >
71
72            <!-- Flutter normal theme -->
73            <meta-data
74                android:name="io.flutter.embedding.android.NormalTheme"
75                android:resource="@style/NormalTheme" />
76
77            <!-- Google Play Services -->
78            <meta-data
78-->[com.google.android.gms:play-services-basement:18.8.0] AndroidManifest.xml:21:9-23:69
79                android:name="com.google.android.gms.version"
79-->[com.google.android.gms:play-services-basement:18.8.0] AndroidManifest.xml:22:13-58
80                android:value="@integer/google_play_services_version" />
80-->[com.google.android.gms:play-services-basement:18.8.0] AndroidManifest.xml:23:13-66
81
82            <intent-filter>
83                <action android:name="android.intent.action.MAIN" />
84
85                <category android:name="android.intent.category.LAUNCHER" />
86            </intent-filter>
87        </activity>
88
89        <!-- Flutter embedding -->
90        <meta-data
91            android:name="flutterEmbedding"
92            android:value="2" />
93
94        <receiver
94-->[:flutter_foreground_task] AndroidManifest.xml:13:9-21:20
95            android:name="com.pravera.flutter_foreground_task.service.RebootReceiver"
95-->[:flutter_foreground_task] AndroidManifest.xml:14:13-86
96            android:enabled="true"
96-->[:flutter_foreground_task] AndroidManifest.xml:15:13-35
97            android:exported="true" >
97-->[:flutter_foreground_task] AndroidManifest.xml:16:13-36
98            <intent-filter>
98-->[:flutter_foreground_task] AndroidManifest.xml:17:13-20:29
99                <action android:name="android.intent.action.BOOT_COMPLETED" />
99-->[:flutter_foreground_task] AndroidManifest.xml:18:17-79
99-->[:flutter_foreground_task] AndroidManifest.xml:18:25-76
100                <action android:name="android.intent.action.MY_PACKAGE_REPLACED" />
100-->[:flutter_foreground_task] AndroidManifest.xml:19:17-84
100-->[:flutter_foreground_task] AndroidManifest.xml:19:25-81
101            </intent-filter>
102        </receiver>
103        <receiver
103-->[:flutter_foreground_task] AndroidManifest.xml:22:9-25:40
104            android:name="com.pravera.flutter_foreground_task.service.RestartReceiver"
104-->[:flutter_foreground_task] AndroidManifest.xml:23:13-87
105            android:enabled="true"
105-->[:flutter_foreground_task] AndroidManifest.xml:24:13-35
106            android:exported="false" />
106-->[:flutter_foreground_task] AndroidManifest.xml:25:13-37
107
108        <service
108-->[:geolocator_android] AndroidManifest.xml:8:9-12:56
109            android:name="com.baseflow.geolocator.GeolocatorLocationService"
109-->[:geolocator_android] AndroidManifest.xml:9:13-77
110            android:enabled="true"
110-->[:geolocator_android] AndroidManifest.xml:10:13-35
111            android:exported="false"
111-->[:geolocator_android] AndroidManifest.xml:11:13-37
112            android:foregroundServiceType="location" />
112-->[:geolocator_android] AndroidManifest.xml:12:13-53
113        <service
113-->[:cloud_firestore] AndroidManifest.xml:8:9-12:19
114            android:name="com.google.firebase.components.ComponentDiscoveryService"
114-->[:cloud_firestore] AndroidManifest.xml:8:18-89
115            android:directBootAware="true"
115-->[com.google.firebase:firebase-common:22.0.1] AndroidManifest.xml:32:13-43
116            android:exported="false" >
116-->[com.google.firebase:firebase-auth:24.0.1] AndroidManifest.xml:68:13-37
117            <meta-data
117-->[:cloud_firestore] AndroidManifest.xml:9:13-11:85
118                android:name="com.google.firebase.components:io.flutter.plugins.firebase.firestore.FlutterFirebaseFirestoreRegistrar"
118-->[:cloud_firestore] AndroidManifest.xml:10:17-134
119                android:value="com.google.firebase.components.ComponentRegistrar" />
119-->[:cloud_firestore] AndroidManifest.xml:11:17-82
120            <meta-data
120-->[:firebase_auth] AndroidManifest.xml:9:13-11:85
121                android:name="com.google.firebase.components:io.flutter.plugins.firebase.auth.FlutterFirebaseAuthRegistrar"
121-->[:firebase_auth] AndroidManifest.xml:10:17-124
122                android:value="com.google.firebase.components.ComponentRegistrar" />
122-->[:firebase_auth] AndroidManifest.xml:11:17-82
123            <meta-data
123-->[:firebase_core] AndroidManifest.xml:9:13-11:85
124                android:name="com.google.firebase.components:io.flutter.plugins.firebase.core.FlutterFirebaseCoreRegistrar"
124-->[:firebase_core] AndroidManifest.xml:10:17-124
125                android:value="com.google.firebase.components.ComponentRegistrar" />
125-->[:firebase_core] AndroidManifest.xml:11:17-82
126            <meta-data
126-->[com.google.firebase:firebase-auth:24.0.1] AndroidManifest.xml:69:13-71:85
127                android:name="com.google.firebase.components:com.google.firebase.auth.FirebaseAuthRegistrar"
127-->[com.google.firebase:firebase-auth:24.0.1] AndroidManifest.xml:70:17-109
128                android:value="com.google.firebase.components.ComponentRegistrar" />
128-->[com.google.firebase:firebase-auth:24.0.1] AndroidManifest.xml:71:17-82
129            <meta-data
129-->[com.google.firebase:firebase-firestore:26.0.2] AndroidManifest.xml:17:13-19:85
130                android:name="com.google.firebase.components:com.google.firebase.firestore.FirebaseFirestoreKtxRegistrar"
130-->[com.google.firebase:firebase-firestore:26.0.2] AndroidManifest.xml:18:17-122
131                android:value="com.google.firebase.components.ComponentRegistrar" />
131-->[com.google.firebase:firebase-firestore:26.0.2] AndroidManifest.xml:19:17-82
132            <meta-data
132-->[com.google.firebase:firebase-firestore:26.0.2] AndroidManifest.xml:20:13-22:85
133                android:name="com.google.firebase.components:com.google.firebase.firestore.FirestoreRegistrar"
133-->[com.google.firebase:firebase-firestore:26.0.2] AndroidManifest.xml:21:17-111
134                android:value="com.google.firebase.components.ComponentRegistrar" />
134-->[com.google.firebase:firebase-firestore:26.0.2] AndroidManifest.xml:22:17-82
135            <meta-data
135-->[com.google.firebase:firebase-common:22.0.1] AndroidManifest.xml:35:13-37:85
136                android:name="com.google.firebase.components:com.google.firebase.FirebaseCommonKtxRegistrar"
136-->[com.google.firebase:firebase-common:22.0.1] AndroidManifest.xml:36:17-109
137                android:value="com.google.firebase.components.ComponentRegistrar" />
137-->[com.google.firebase:firebase-common:22.0.1] AndroidManifest.xml:37:17-82
138        </service>
139
140        <uses-library
140-->[androidx.window:window:1.2.0] AndroidManifest.xml:23:9-25:40
141            android:name="androidx.window.extensions"
141-->[androidx.window:window:1.2.0] AndroidManifest.xml:24:13-54
142            android:required="false" />
142-->[androidx.window:window:1.2.0] AndroidManifest.xml:25:13-37
143        <uses-library
143-->[androidx.window:window:1.2.0] AndroidManifest.xml:26:9-28:40
144            android:name="androidx.window.sidecar"
144-->[androidx.window:window:1.2.0] AndroidManifest.xml:27:13-51
145            android:required="false" />
145-->[androidx.window:window:1.2.0] AndroidManifest.xml:28:13-37
146
147        <activity
147-->[com.google.firebase:firebase-auth:24.0.1] AndroidManifest.xml:29:9-46:20
148            android:name="com.google.firebase.auth.internal.GenericIdpActivity"
148-->[com.google.firebase:firebase-auth:24.0.1] AndroidManifest.xml:30:13-80
149            android:excludeFromRecents="true"
149-->[com.google.firebase:firebase-auth:24.0.1] AndroidManifest.xml:31:13-46
150            android:exported="true"
150-->[com.google.firebase:firebase-auth:24.0.1] AndroidManifest.xml:32:13-36
151            android:launchMode="singleTask"
151-->[com.google.firebase:firebase-auth:24.0.1] AndroidManifest.xml:33:13-44
152            android:theme="@android:style/Theme.Translucent.NoTitleBar" >
152-->[com.google.firebase:firebase-auth:24.0.1] AndroidManifest.xml:34:13-72
153            <intent-filter>
153-->[com.google.firebase:firebase-auth:24.0.1] AndroidManifest.xml:35:13-45:29
154                <action android:name="android.intent.action.VIEW" />
154-->[com.google.firebase:firebase-auth:24.0.1] AndroidManifest.xml:36:17-69
154-->[com.google.firebase:firebase-auth:24.0.1] AndroidManifest.xml:36:25-66
155
156                <category android:name="android.intent.category.DEFAULT" />
156-->[com.google.firebase:firebase-auth:24.0.1] AndroidManifest.xml:38:17-76
156-->[com.google.firebase:firebase-auth:24.0.1] AndroidManifest.xml:38:27-73
157                <category android:name="android.intent.category.BROWSABLE" />
157-->[com.google.firebase:firebase-auth:24.0.1] AndroidManifest.xml:39:17-78
157-->[com.google.firebase:firebase-auth:24.0.1] AndroidManifest.xml:39:27-75
158
159                <data
159-->src\main\AndroidManifest.xml:79:13-51
160                    android:host="firebase.auth"
161                    android:path="/"
162                    android:scheme="genericidp" />
163            </intent-filter>
164        </activity>
165        <activity
165-->[com.google.firebase:firebase-auth:24.0.1] AndroidManifest.xml:47:9-64:20
166            android:name="com.google.firebase.auth.internal.RecaptchaActivity"
166-->[com.google.firebase:firebase-auth:24.0.1] AndroidManifest.xml:48:13-79
167            android:excludeFromRecents="true"
167-->[com.google.firebase:firebase-auth:24.0.1] AndroidManifest.xml:49:13-46
168            android:exported="true"
168-->[com.google.firebase:firebase-auth:24.0.1] AndroidManifest.xml:50:13-36
169            android:launchMode="singleTask"
169-->[com.google.firebase:firebase-auth:24.0.1] AndroidManifest.xml:51:13-44
170            android:theme="@android:style/Theme.Translucent.NoTitleBar" >
170-->[com.google.firebase:firebase-auth:24.0.1] AndroidManifest.xml:52:13-72
171            <intent-filter>
171-->[com.google.firebase:firebase-auth:24.0.1] AndroidManifest.xml:53:13-63:29
172                <action android:name="android.intent.action.VIEW" />
172-->[com.google.firebase:firebase-auth:24.0.1] AndroidManifest.xml:36:17-69
172-->[com.google.firebase:firebase-auth:24.0.1] AndroidManifest.xml:36:25-66
173
174                <category android:name="android.intent.category.DEFAULT" />
174-->[com.google.firebase:firebase-auth:24.0.1] AndroidManifest.xml:38:17-76
174-->[com.google.firebase:firebase-auth:24.0.1] AndroidManifest.xml:38:27-73
175                <category android:name="android.intent.category.BROWSABLE" />
175-->[com.google.firebase:firebase-auth:24.0.1] AndroidManifest.xml:39:17-78
175-->[com.google.firebase:firebase-auth:24.0.1] AndroidManifest.xml:39:27-75
176
177                <data
177-->src\main\AndroidManifest.xml:79:13-51
178                    android:host="firebase.auth"
179                    android:path="/"
180                    android:scheme="recaptcha" />
181            </intent-filter>
182        </activity>
183
184        <service
184-->[androidx.credentials:credentials-play-services-auth:1.2.0-rc01] AndroidManifest.xml:24:9-32:19
185            android:name="androidx.credentials.playservices.CredentialProviderMetadataHolder"
185-->[androidx.credentials:credentials-play-services-auth:1.2.0-rc01] AndroidManifest.xml:25:13-94
186            android:enabled="true"
186-->[androidx.credentials:credentials-play-services-auth:1.2.0-rc01] AndroidManifest.xml:26:13-35
187            android:exported="false" >
187-->[androidx.credentials:credentials-play-services-auth:1.2.0-rc01] AndroidManifest.xml:27:13-37
188            <meta-data
188-->[androidx.credentials:credentials-play-services-auth:1.2.0-rc01] AndroidManifest.xml:29:13-31:104
189                android:name="androidx.credentials.CREDENTIAL_PROVIDER_KEY"
189-->[androidx.credentials:credentials-play-services-auth:1.2.0-rc01] AndroidManifest.xml:30:17-76
190                android:value="androidx.credentials.playservices.CredentialProviderPlayServicesImpl" />
190-->[androidx.credentials:credentials-play-services-auth:1.2.0-rc01] AndroidManifest.xml:31:17-101
191        </service>
192
193        <activity
193-->[androidx.credentials:credentials-play-services-auth:1.2.0-rc01] AndroidManifest.xml:34:9-41:20
194            android:name="androidx.credentials.playservices.HiddenActivity"
194-->[androidx.credentials:credentials-play-services-auth:1.2.0-rc01] AndroidManifest.xml:35:13-76
195            android:configChanges="orientation|screenSize|screenLayout|keyboardHidden"
195-->[androidx.credentials:credentials-play-services-auth:1.2.0-rc01] AndroidManifest.xml:36:13-87
196            android:enabled="true"
196-->[androidx.credentials:credentials-play-services-auth:1.2.0-rc01] AndroidManifest.xml:37:13-35
197            android:exported="false"
197-->[androidx.credentials:credentials-play-services-auth:1.2.0-rc01] AndroidManifest.xml:38:13-37
198            android:fitsSystemWindows="true"
198-->[androidx.credentials:credentials-play-services-auth:1.2.0-rc01] AndroidManifest.xml:39:13-45
199            android:theme="@style/Theme.Hidden" >
199-->[androidx.credentials:credentials-play-services-auth:1.2.0-rc01] AndroidManifest.xml:40:13-48
200        </activity>
201        <activity
201-->[com.google.android.gms:play-services-auth:21.0.0] AndroidManifest.xml:23:9-27:75
202            android:name="com.google.android.gms.auth.api.signin.internal.SignInHubActivity"
202-->[com.google.android.gms:play-services-auth:21.0.0] AndroidManifest.xml:24:13-93
203            android:excludeFromRecents="true"
203-->[com.google.android.gms:play-services-auth:21.0.0] AndroidManifest.xml:25:13-46
204            android:exported="false"
204-->[com.google.android.gms:play-services-auth:21.0.0] AndroidManifest.xml:26:13-37
205            android:theme="@android:style/Theme.Translucent.NoTitleBar" />
205-->[com.google.android.gms:play-services-auth:21.0.0] AndroidManifest.xml:27:13-72
206        <!--
207            Service handling Google Sign-In user revocation. For apps that do not integrate with
208            Google Sign-In, this service will never be started.
209        -->
210        <service
210-->[com.google.android.gms:play-services-auth:21.0.0] AndroidManifest.xml:33:9-37:51
211            android:name="com.google.android.gms.auth.api.signin.RevocationBoundService"
211-->[com.google.android.gms:play-services-auth:21.0.0] AndroidManifest.xml:34:13-89
212            android:exported="true"
212-->[com.google.android.gms:play-services-auth:21.0.0] AndroidManifest.xml:35:13-36
213            android:permission="com.google.android.gms.auth.api.signin.permission.REVOCATION_NOTIFICATION"
213-->[com.google.android.gms:play-services-auth:21.0.0] AndroidManifest.xml:36:13-107
214            android:visibleToInstantApps="true" />
214-->[com.google.android.gms:play-services-auth:21.0.0] AndroidManifest.xml:37:13-48
215
216        <activity
216-->[com.google.android.gms:play-services-base:18.3.0] AndroidManifest.xml:20:9-22:45
217            android:name="com.google.android.gms.common.api.GoogleApiActivity"
217-->[com.google.android.gms:play-services-base:18.3.0] AndroidManifest.xml:20:19-85
218            android:exported="false"
218-->[com.google.android.gms:play-services-base:18.3.0] AndroidManifest.xml:22:19-43
219            android:theme="@android:style/Theme.Translucent.NoTitleBar" />
219-->[com.google.android.gms:play-services-base:18.3.0] AndroidManifest.xml:21:19-78
220
221        <provider
221-->[com.google.firebase:firebase-common:22.0.1] AndroidManifest.xml:23:9-28:39
222            android:name="com.google.firebase.provider.FirebaseInitProvider"
222-->[com.google.firebase:firebase-common:22.0.1] AndroidManifest.xml:24:13-77
223            android:authorities="com.example.sigtrek2.firebaseinitprovider"
223-->[com.google.firebase:firebase-common:22.0.1] AndroidManifest.xml:25:13-72
224            android:directBootAware="true"
224-->[com.google.firebase:firebase-common:22.0.1] AndroidManifest.xml:26:13-43
225            android:exported="false"
225-->[com.google.firebase:firebase-common:22.0.1] AndroidManifest.xml:27:13-37
226            android:initOrder="100" />
226-->[com.google.firebase:firebase-common:22.0.1] AndroidManifest.xml:28:13-36
227        <provider
227-->[androidx.lifecycle:lifecycle-process:2.7.0] AndroidManifest.xml:24:9-32:20
228            android:name="androidx.startup.InitializationProvider"
228-->[androidx.lifecycle:lifecycle-process:2.7.0] AndroidManifest.xml:25:13-67
229            android:authorities="com.example.sigtrek2.androidx-startup"
229-->[androidx.lifecycle:lifecycle-process:2.7.0] AndroidManifest.xml:26:13-68
230            android:exported="false" >
230-->[androidx.lifecycle:lifecycle-process:2.7.0] AndroidManifest.xml:27:13-37
231            <meta-data
231-->[androidx.lifecycle:lifecycle-process:2.7.0] AndroidManifest.xml:29:13-31:52
232                android:name="androidx.lifecycle.ProcessLifecycleInitializer"
232-->[androidx.lifecycle:lifecycle-process:2.7.0] AndroidManifest.xml:30:17-78
233                android:value="androidx.startup" />
233-->[androidx.lifecycle:lifecycle-process:2.7.0] AndroidManifest.xml:31:17-49
234            <meta-data
234-->[androidx.profileinstaller:profileinstaller:1.3.1] AndroidManifest.xml:29:13-31:52
235                android:name="androidx.profileinstaller.ProfileInstallerInitializer"
235-->[androidx.profileinstaller:profileinstaller:1.3.1] AndroidManifest.xml:30:17-85
236                android:value="androidx.startup" />
236-->[androidx.profileinstaller:profileinstaller:1.3.1] AndroidManifest.xml:31:17-49
237        </provider>
238
239        <meta-data
239-->[com.google.android.gms:play-services-basement:18.8.0] AndroidManifest.xml:21:9-23:69
240            android:name="com.google.android.gms.version"
240-->[com.google.android.gms:play-services-basement:18.8.0] AndroidManifest.xml:22:13-58
241            android:value="@integer/google_play_services_version" />
241-->[com.google.android.gms:play-services-basement:18.8.0] AndroidManifest.xml:23:13-66
242
243        <receiver
243-->[androidx.profileinstaller:profileinstaller:1.3.1] AndroidManifest.xml:34:9-52:20
244            android:name="androidx.profileinstaller.ProfileInstallReceiver"
244-->[androidx.profileinstaller:profileinstaller:1.3.1] AndroidManifest.xml:35:13-76
245            android:directBootAware="false"
245-->[androidx.profileinstaller:profileinstaller:1.3.1] AndroidManifest.xml:36:13-44
246            android:enabled="true"
246-->[androidx.profileinstaller:profileinstaller:1.3.1] AndroidManifest.xml:37:13-35
247            android:exported="true"
247-->[androidx.profileinstaller:profileinstaller:1.3.1] AndroidManifest.xml:38:13-36
248            android:permission="android.permission.DUMP" >
248-->[androidx.profileinstaller:profileinstaller:1.3.1] AndroidManifest.xml:39:13-57
249            <intent-filter>
249-->[androidx.profileinstaller:profileinstaller:1.3.1] AndroidManifest.xml:40:13-42:29
250                <action android:name="androidx.profileinstaller.action.INSTALL_PROFILE" />
250-->[androidx.profileinstaller:profileinstaller:1.3.1] AndroidManifest.xml:41:17-91
250-->[androidx.profileinstaller:profileinstaller:1.3.1] AndroidManifest.xml:41:25-88
251            </intent-filter>
252            <intent-filter>
252-->[androidx.profileinstaller:profileinstaller:1.3.1] AndroidManifest.xml:43:13-45:29
253                <action android:name="androidx.profileinstaller.action.SKIP_FILE" />
253-->[androidx.profileinstaller:profileinstaller:1.3.1] AndroidManifest.xml:44:17-85
253-->[androidx.profileinstaller:profileinstaller:1.3.1] AndroidManifest.xml:44:25-82
254            </intent-filter>
255            <intent-filter>
255-->[androidx.profileinstaller:profileinstaller:1.3.1] AndroidManifest.xml:46:13-48:29
256                <action android:name="androidx.profileinstaller.action.SAVE_PROFILE" />
256-->[androidx.profileinstaller:profileinstaller:1.3.1] AndroidManifest.xml:47:17-88
256-->[androidx.profileinstaller:profileinstaller:1.3.1] AndroidManifest.xml:47:25-85
257            </intent-filter>
258            <intent-filter>
258-->[androidx.profileinstaller:profileinstaller:1.3.1] AndroidManifest.xml:49:13-51:29
259                <action android:name="androidx.profileinstaller.action.BENCHMARK_OPERATION" />
259-->[androidx.profileinstaller:profileinstaller:1.3.1] AndroidManifest.xml:50:17-95
259-->[androidx.profileinstaller:profileinstaller:1.3.1] AndroidManifest.xml:50:25-92
260            </intent-filter>
261        </receiver> <!-- The activities will be merged into the manifest of the hosting app. -->
262        <activity
262-->[com.google.android.play:core-common:2.0.3] AndroidManifest.xml:14:9-18:65
263            android:name="com.google.android.play.core.common.PlayCoreDialogWrapperActivity"
263-->[com.google.android.play:core-common:2.0.3] AndroidManifest.xml:15:13-93
264            android:exported="false"
264-->[com.google.android.play:core-common:2.0.3] AndroidManifest.xml:16:13-37
265            android:stateNotNeeded="true"
265-->[com.google.android.play:core-common:2.0.3] AndroidManifest.xml:17:13-42
266            android:theme="@style/Theme.PlayCore.Transparent" />
266-->[com.google.android.play:core-common:2.0.3] AndroidManifest.xml:18:13-62
267    </application>
268
269</manifest>